<?xml version="1.0" encoding="UTF-8"?>
<robot generator="Robot 5.0.1 (Python 3.10.7 on win32)" generated="20221002 20:11:25.813" rpa="false" schemaversion="3">
<suite id="s1" name="Hello" source="C:\Users\thiag\OneDrive\Documentos\Projetos\robot-framework\hello.robot">
<test id="s1-t1" name="Example Test" line="5">
<kw name="New Page" library="Browser">
<arg>https://playwright.dev</arg>
<tag>BrowserControl</tag>
<tag>Setter</tag>
<doc>Open a new Page.</doc>
<msg timestamp="20221002 20:11:47.392" level="INFO">Successfully initialized new page object and opened url: https://playwright.dev</msg>
<msg timestamp="20221002 20:11:47.392" level="INFO">No browser and context was open. New browser and context was automatically opened when page is created.</msg>
<status status="PASS" starttime="20221002 20:11:34.113" endtime="20221002 20:11:47.392"/>
</kw>
<kw name="Get Text" library="Browser">
<arg>h1</arg>
<arg>contains</arg>
<arg>Playwright</arg>
<tag>Assertion</tag>
<tag>Getter</tag>
<tag>PageContent</tag>
<doc>Returns text attribute of the element found by ``selector``.</doc>
<status status="PASS" starttime="20221002 20:11:47.394" endtime="20221002 20:11:47.478"/>
</kw>
<status status="PASS" starttime="20221002 20:11:34.113" endtime="20221002 20:11:47.479"/>
</test>
<status status="PASS" starttime="20221002 20:11:25.813" endtime="20221002 20:11:47.573"/>
</suite>
<statistics>
<total>
<stat pass="1" fail="0" skip="0">All Tests</stat>
</total>
<tag>
</tag>
<suite>
<stat pass="1" fail="0" skip="0" id="s1" name="Hello">Hello</stat>
</suite>
</statistics>
<errors>
</errors>
</robot>
