<?xml version="1.0" encoding="UTF-8"?>
<robot generator="Robot 5.0.1 (Python 3.10.7 on win32)" generated="20221003 16:50:58.140" rpa="false" schemaversion="3">
<suite id="s1" name="Home" source="C:\Users\thiag\OneDrive\Documentos\Projetos\robot-framework\tests\home.robot">
<test id="s1-t1" name="Deve validar o slogan da home page" line="14">
<kw name="New Browser" library="Browser">
<arg>headless=False</arg>
<tag>BrowserControl</tag>
<tag>Setter</tag>
<doc>Create a new playwright Browser with specified options.</doc>
<msg timestamp="20221003 16:50:59.476" level="INFO">{"browser": "chromium", "headless": false, "devtools": false, "handleSIGHUP": true, "handleSIGINT": true, "handleSIGTERM": true, "slowMo": 0.0, "timeout": 30000.0, "deprecated_pos_args": [], "tracesDir": "C:\\Users\\thiag\\OneDrive\\Documentos\\Projetos\\robot-framework\\logs\\browser\\traces\\e5144c25-e459-4e3f-ad2e-94d49b396558"}</msg>
<msg timestamp="20221003 16:51:00.230" level="INFO">Successfully created browser with options: {"browser":"chromium","headless":false,"devtools":false,"handleSIGHUP":true,"handleSIGINT":true,"handleSIGTERM":true,"slowMo":0,"timeout":30000,"deprecated_pos_args":[],"tracesDir":"C:\\Users\\thiag\\OneDrive\\Documentos\\Projetos\\robot-framework\\logs\\browser\\traces\\e5144c25-e459-4e3f-ad2e-94d49b396558"}</msg>
<status status="PASS" starttime="20221003 16:50:59.475" endtime="20221003 16:51:00.230"/>
</kw>
<kw name="New Page" library="Browser">
<arg>https://trade-sticker-dev.vercel.app/</arg>
<tag>BrowserControl</tag>
<tag>Setter</tag>
<doc>Open a new Page.</doc>
<msg timestamp="20221003 16:51:01.894" level="INFO">Successfully initialized new page object and opened url: https://trade-sticker-dev.vercel.app/</msg>
<msg timestamp="20221003 16:51:01.894" level="INFO">No context was open. New context was automatically opened when this page is created.</msg>
<status status="PASS" starttime="20221003 16:51:00.230" endtime="20221003 16:51:01.894"/>
</kw>
<kw name="Fill Text" library="Browser">
<arg>input[name="email"]</arg>
<arg>papito@gmail.com</arg>
<tag>PageContent</tag>
<tag>Setter</tag>
<doc>Clears and fills the given ``txt`` into the text field found by ``selector``.</doc>
<msg timestamp="20221003 16:51:01.895" level="INFO">Fills the text 'papito@gmail.com' in the given field.</msg>
<status status="PASS" starttime="20221003 16:51:01.895" endtime="20221003 16:51:01.972"/>
</kw>
<kw name="Fill Text" library="Browser">
<arg>input[name="password"]</arg>
<arg>vaibrasil</arg>
<tag>PageContent</tag>
<tag>Setter</tag>
<doc>Clears and fills the given ``txt`` into the text field found by ``selector``.</doc>
<msg timestamp="20221003 16:51:01.973" level="INFO">Fills the text 'vaibrasil' in the given field.</msg>
<status status="PASS" starttime="20221003 16:51:01.973" endtime="20221003 16:51:02.003"/>
</kw>
<kw name="Click" library="Browser">
<arg>css=button &gt;&gt; text=Entrar</arg>
<tag>PageContent</tag>
<tag>Setter</tag>
<doc>Simulates mouse click on the element found by ``selector``.</doc>
<status status="PASS" starttime="20221003 16:51:02.004" endtime="20221003 16:51:02.119"/>
</kw>
<kw name="Get Text" library="Browser">
<arg>css=.header-content strong</arg>
<arg>equal</arg>
<arg>${header_title}</arg>
<tag>Assertion</tag>
<tag>Getter</tag>
<tag>PageContent</tag>
<doc>Returns text attribute of the element found by ``selector``.</doc>
<status status="PASS" starttime="20221003 16:51:02.120" endtime="20221003 16:51:02.153"/>
</kw>
<kw name="Take Screenshot" library="Browser">
<tag>PageContent</tag>
<doc>Takes a screenshot of the current window or element and saves it to disk.</doc>
<msg timestamp="20221003 16:51:02.531" level="INFO" html="true">&lt;/td&gt;&lt;/tr&gt;&lt;tr&gt;&lt;td colspan="3"&gt;&lt;a href="browser/screenshot/robotframework-browser-screenshot-1.png"&gt;&lt;img src="browser/screenshot/robotframework-browser-screenshot-1.png" width="800px"&gt;&lt;/a&gt;</msg>
<status status="PASS" starttime="20221003 16:51:02.154" endtime="20221003 16:51:02.531"/>
</kw>
<status status="PASS" starttime="20221003 16:50:59.472" endtime="20221003 16:51:02.532"/>
</test>
<doc>Login Tests</doc>
<status status="PASS" starttime="20221003 16:50:58.143" endtime="20221003 16:51:02.610"/>
</suite>
<statistics>
<total>
<stat pass="1" fail="0" skip="0">All Tests</stat>
</total>
<tag>
</tag>
<suite>
<stat pass="1" fail="0" skip="0" id="s1" name="Home">Home</stat>
</suite>
</statistics>
<errors>
</errors>
</robot>
