<?xml version="1.0" encoding="UTF-8"?>
<robot generator="Robot 5.0.1 (Python 3.10.7 on win32)" generated="20221003 21:25:22.394" rpa="false" schemaversion="3">
<suite id="s1" name="Trade" source="C:\Users\thiag\OneDrive\Documentos\Projetos\robot-framework\tests\trade.robot">
<test id="s1-t1" name="Deve negociar a figurinha Neymar Legend" line="9">
<kw name=" Go To Login Page" library="login">
<kw name="New Browser" library="Browser">
<arg>headless=False</arg>
<tag>BrowserControl</tag>
<tag>Setter</tag>
<doc>Create a new playwright Browser with specified options.</doc>
<msg timestamp="20221003 21:25:23.765" level="INFO">{"browser": "chromium", "headless": false, "devtools": false, "handleSIGHUP": true, "handleSIGINT": true, "handleSIGTERM": true, "slowMo": 0.0, "timeout": 30000.0, "deprecated_pos_args": [], "tracesDir": "C:\\Users\\thiag\\OneDrive\\Documentos\\Projetos\\robot-framework\\logs\\browser\\traces\\515012f8-122e-42dc-9182-349bbe480a3f"}</msg>
<msg timestamp="20221003 21:25:24.484" level="INFO">Successfully created browser with options: {"browser":"chromium","headless":false,"devtools":false,"handleSIGHUP":true,"handleSIGINT":true,"handleSIGTERM":true,"slowMo":0,"timeout":30000,"deprecated_pos_args":[],"tracesDir":"C:\\Users\\thiag\\OneDrive\\Documentos\\Projetos\\robot-framework\\logs\\browser\\traces\\515012f8-122e-42dc-9182-349bbe480a3f"}</msg>
<status status="PASS" starttime="20221003 21:25:23.765" endtime="20221003 21:25:24.484"/>
</kw>
<kw name="New Page" library="Browser">
<arg>https://trade-sticker-dev.vercel.app/</arg>
<tag>BrowserControl</tag>
<tag>Setter</tag>
<doc>Open a new Page.</doc>
<msg timestamp="20221003 21:25:26.789" level="INFO">Successfully initialized new page object and opened url: https://trade-sticker-dev.vercel.app/</msg>
<msg timestamp="20221003 21:25:26.790" level="INFO">No context was open. New context was automatically opened when this page is created.</msg>
<status status="PASS" starttime="20221003 21:25:24.484" endtime="20221003 21:25:26.790"/>
</kw>
<status status="PASS" starttime="20221003 21:25:23.765" endtime="20221003 21:25:26.790"/>
</kw>
<kw name=" Submit Credentials" library="login">
<arg>papito@gmail.com</arg>
<arg>vaibrasil</arg>
<kw name="Fill Text" library="Browser">
<arg>input[name="email"]</arg>
<arg>${email}</arg>
<tag>PageContent</tag>
<tag>Setter</tag>
<doc>Clears and fills the given ``txt`` into the text field found by ``selector``.</doc>
<msg timestamp="20221003 21:25:26.793" level="INFO">Fills the text 'papito@gmail.com' in the given field.</msg>
<status status="PASS" starttime="20221003 21:25:26.792" endtime="20221003 21:25:26.867"/>
</kw>
<kw name="Fill Text" library="Browser">
<arg>input[name="password"]</arg>
<arg>${senha}</arg>
<tag>PageContent</tag>
<tag>Setter</tag>
<doc>Clears and fills the given ``txt`` into the text field found by ``selector``.</doc>
<msg timestamp="20221003 21:25:26.868" level="INFO">Fills the text 'vaibrasil' in the given field.</msg>
<status status="PASS" starttime="20221003 21:25:26.868" endtime="20221003 21:25:26.897"/>
</kw>
<kw name="Click" library="Browser">
<arg>css=button &gt;&gt; text=Entrar</arg>
<tag>PageContent</tag>
<tag>Setter</tag>
<doc>Simulates mouse click on the element found by ``selector``.</doc>
<status status="PASS" starttime="20221003 21:25:26.897" endtime="20221003 21:25:27.006"/>
</kw>
<status status="PASS" starttime="20221003 21:25:26.791" endtime="20221003 21:25:27.006"/>
</kw>
<kw name="User Logged In" library="dashboard">
<kw name="Set Variable" library="BuiltIn">
<var>${header_title}</var>
<arg>Aquela figurinha incrível a um clique de distância.</arg>
<doc>Returns the given values which can then be assigned to a variables.</doc>
<msg timestamp="20221003 21:25:27.009" level="INFO">${header_title} = Aquela figurinha incrível a um clique de distância.</msg>
<status status="PASS" starttime="20221003 21:25:27.008" endtime="20221003 21:25:27.009"/>
</kw>
<kw name="Get Text" library="Browser">
<arg>css=.header-content strong</arg>
<arg>equal</arg>
<arg>${header_title}</arg>
<tag>Assertion</tag>
<tag>Getter</tag>
<tag>PageContent</tag>
<doc>Returns text attribute of the element found by ``selector``.</doc>
<status status="PASS" starttime="20221003 21:25:27.009" endtime="20221003 21:25:27.050"/>
</kw>
<status status="PASS" starttime="20221003 21:25:27.007" endtime="20221003 21:25:27.051"/>
</kw>
<kw name="Search User" library="dashboard">
<arg>legend</arg>
<kw name="Fill Text" library="Browser">
<arg>input[placeholder^=Busque]</arg>
<arg>${target}</arg>
<tag>PageContent</tag>
<tag>Setter</tag>
<doc>Clears and fills the given ``txt`` into the text field found by ``selector``.</doc>
<msg timestamp="20221003 21:25:27.053" level="INFO">Fills the text 'legend' in the given field.</msg>
<status status="PASS" starttime="20221003 21:25:27.052" endtime="20221003 21:25:27.077"/>
</kw>
<kw name="Click" library="Browser">
<arg>css=button &gt;&gt; text=Buscar</arg>
<tag>PageContent</tag>
<tag>Setter</tag>
<doc>Simulates mouse click on the element found by ``selector``.</doc>
<status status="PASS" starttime="20221003 21:25:27.077" endtime="20221003 21:25:27.180"/>
</kw>
<status status="PASS" starttime="20221003 21:25:27.052" endtime="20221003 21:25:27.180"/>
</kw>
<kw name="Select Sticker" library="dashboard">
<arg>Neymar Jr</arg>
<kw name="Click" library="Browser">
<arg>xpath=//img[@alt="${name}"]/..</arg>
<tag>PageContent</tag>
<tag>Setter</tag>
<doc>Simulates mouse click on the element found by ``selector``.</doc>
<status status="PASS" starttime="20221003 21:25:27.182" endtime="20221003 21:25:28.155"/>
</kw>
<status status="PASS" starttime="20221003 21:25:27.181" endtime="20221003 21:25:28.156"/>
</kw>
<kw name="Get in Touch" library="dashboard">
<kw name="Click" library="Browser">
<arg>css=button &gt;&gt; text=Entrar em contato</arg>
<tag>PageContent</tag>
<tag>Setter</tag>
<doc>Simulates mouse click on the element found by ``selector``.</doc>
<status status="PASS" starttime="20221003 21:25:28.157" endtime="20221003 21:25:28.264"/>
</kw>
<status status="PASS" starttime="20221003 21:25:28.157" endtime="20221003 21:25:28.265"/>
</kw>
<kw name="Whatsapp Sticker Message" library="dashboard">
<arg>Neymar Jr</arg>
<kw name="Set Variable" library="BuiltIn">
<var>${expected_message}</var>
<arg>Oi, achei o seu contato no Trade Sticker. Estou interessado(a) na figurinha do ${sticker_name}, bora negociar?</arg>
<doc>Returns the given values which can then be assigned to a variables.</doc>
<msg timestamp="20221003 21:25:28.279" level="INFO">${expected_message} = Oi, achei o seu contato no Trade Sticker. Estou interessado(a) na figurinha do Neymar Jr, bora negociar?</msg>
<status status="PASS" starttime="20221003 21:25:28.278" endtime="20221003 21:25:28.279"/>
</kw>
<kw name="Switch Page" library="Browser">
<arg>NEW</arg>
<tag>BrowserControl</tag>
<tag>Setter</tag>
<doc>Switches the active browser page to another open page by ``id`` or ``NEW``.</doc>
<msg timestamp="20221003 21:25:28.280" level="INFO">Switching to page NEW,context CURRENT, browser CURRENT</msg>
<msg timestamp="20221003 21:25:28.814" level="INFO">Activated new page page=ecf9fd50-8962-43e9-8fb1-5885ef39b6b2</msg>
<status status="PASS" starttime="20221003 21:25:28.279" endtime="20221003 21:25:28.814"/>
</kw>
<kw name="Wait For Elements State" library="Browser">
<arg>css=p &gt;&gt; text=${expected_message}</arg>
<arg>visible</arg>
<arg>5000</arg>
<tag>PageContent</tag>
<tag>Wait</tag>
<doc>Waits for the element found by ``selector`` to satisfy state option.</doc>
<msg timestamp="20221003 21:25:29.138" level="INFO">Waited for Element with selector css=p &gt;&gt; text=Oi, achei o seu contato no Trade Sticker. Estou interessado(a) na figurinha do Neymar Jr, bora negociar? at state visible</msg>
<status status="PASS" starttime="20221003 21:25:28.814" endtime="20221003 21:25:29.139"/>
</kw>
<status status="PASS" starttime="20221003 21:25:28.277" endtime="20221003 21:25:29.139"/>
</kw>
<kw name="Sleep" library="BuiltIn">
<arg>10</arg>
<doc>Pauses the test executed for the given time.</doc>
<msg timestamp="20221003 21:25:39.144" level="INFO">Slept 10 seconds</msg>
<status status="PASS" starttime="20221003 21:25:29.140" endtime="20221003 21:25:39.144"/>
</kw>
<status status="PASS" starttime="20221003 21:25:23.763" endtime="20221003 21:25:39.144"/>
</test>
<doc>Teste de negociação de figurinhas da copa</doc>
<status status="PASS" starttime="20221003 21:25:22.405" endtime="20221003 21:25:39.270"/>
</suite>
<statistics>
<total>
<stat pass="1" fail="0" skip="0">All Tests</stat>
</total>
<tag>
</tag>
<suite>
<stat pass="1" fail="0" skip="0" id="s1" name="Trade">Trade</stat>
</suite>
</statistics>
<errors>
</errors>
</robot>
