<?xml version="1.0" encoding="UTF-8"?>
<robot generator="Robot 5.0.1 (Python 3.10.7 on win32)" generated="20221003 21:49:35.589" rpa="false" schemaversion="3">
<suite id="s1" name="Trade" source="C:\Users\thiag\OneDrive\Documentos\Projetos\robot-framework\tests\trade.robot">
<test id="s1-t1" name="Deve negociar a figurinha Neymar Legend" line="13">
<kw name="Start Test" library="main" type="SETUP">
<kw name="New Browser" library="Browser">
<arg>headless=False</arg>
<tag>BrowserControl</tag>
<tag>Setter</tag>
<doc>Create a new playwright Browser with specified options.</doc>
<msg timestamp="20221003 21:49:36.990" level="INFO">{"browser": "chromium", "headless": false, "devtools": false, "handleSIGHUP": true, "handleSIGINT": true, "handleSIGTERM": true, "slowMo": 0.0, "timeout": 30000.0, "deprecated_pos_args": [], "tracesDir": "C:\\Users\\thiag\\OneDrive\\Documentos\\Projetos\\robot-framework\\logs\\browser\\traces\\a40509a9-8e93-40d8-9fef-e30a60ee1028"}</msg>
<msg timestamp="20221003 21:49:37.788" level="INFO">Successfully created browser with options: {"browser":"chromium","headless":false,"devtools":false,"handleSIGHUP":true,"handleSIGINT":true,"handleSIGTERM":true,"slowMo":0,"timeout":30000,"deprecated_pos_args":[],"tracesDir":"C:\\Users\\thiag\\OneDrive\\Documentos\\Projetos\\robot-framework\\logs\\browser\\traces\\a40509a9-8e93-40d8-9fef-e30a60ee1028"}</msg>
<status status="PASS" starttime="20221003 21:49:36.990" endtime="20221003 21:49:37.789"/>
</kw>
<status status="PASS" starttime="20221003 21:49:36.990" endtime="20221003 21:49:37.789"/>
</kw>
<kw name="Do login" library="main">
<kw name=" Go To Login Page" library="login">
<kw name="New Page" library="Browser">
<arg>https://trade-sticker-dev.vercel.app/</arg>
<tag>BrowserControl</tag>
<tag>Setter</tag>
<doc>Open a new Page.</doc>
<msg timestamp="20221003 21:49:40.259" level="INFO">Successfully initialized new page object and opened url: https://trade-sticker-dev.vercel.app/</msg>
<msg timestamp="20221003 21:49:40.259" level="INFO">No context was open. New context was automatically opened when this page is created.</msg>
<status status="PASS" starttime="20221003 21:49:37.791" endtime="20221003 21:49:40.259"/>
</kw>
<status status="PASS" starttime="20221003 21:49:37.791" endtime="20221003 21:49:40.260"/>
</kw>
<kw name=" Submit Credentials" library="login">
<arg>papito@gmail.com</arg>
<arg>vaibrasil</arg>
<kw name="Fill Text" library="Browser">
<arg>input[name="email"]</arg>
<arg>${email}</arg>
<tag>PageContent</tag>
<tag>Setter</tag>
<doc>Clears and fills the given ``txt`` into the text field found by ``selector``.</doc>
<msg timestamp="20221003 21:49:40.264" level="INFO">Fills the text 'papito@gmail.com' in the given field.</msg>
<status status="PASS" starttime="20221003 21:49:40.263" endtime="20221003 21:49:40.345"/>
</kw>
<kw name="Fill Text" library="Browser">
<arg>input[name="password"]</arg>
<arg>${senha}</arg>
<tag>PageContent</tag>
<tag>Setter</tag>
<doc>Clears and fills the given ``txt`` into the text field found by ``selector``.</doc>
<msg timestamp="20221003 21:49:40.347" level="INFO">Fills the text 'vaibrasil' in the given field.</msg>
<status status="PASS" starttime="20221003 21:49:40.346" endtime="20221003 21:49:40.381"/>
</kw>
<kw name="Click" library="Browser">
<arg>css=button &gt;&gt; text=Entrar</arg>
<tag>PageContent</tag>
<tag>Setter</tag>
<doc>Simulates mouse click on the element found by ``selector``.</doc>
<status status="PASS" starttime="20221003 21:49:40.382" endtime="20221003 21:49:40.465"/>
</kw>
<status status="PASS" starttime="20221003 21:49:40.260" endtime="20221003 21:49:40.465"/>
</kw>
<kw name="User Logged In" library="dashboard">
<kw name="Set Variable" library="BuiltIn">
<var>${header_title}</var>
<arg>Aquela figurinha incrível a um clique de distância.</arg>
<doc>Returns the given values which can then be assigned to a variables.</doc>
<msg timestamp="20221003 21:49:40.467" level="INFO">${header_title} = Aquela figurinha incrível a um clique de distância.</msg>
<status status="PASS" starttime="20221003 21:49:40.467" endtime="20221003 21:49:40.468"/>
</kw>
<kw name="Get Text" library="Browser">
<arg>css=.header-content strong</arg>
<arg>equal</arg>
<arg>${header_title}</arg>
<tag>Assertion</tag>
<tag>Getter</tag>
<tag>PageContent</tag>
<doc>Returns text attribute of the element found by ``selector``.</doc>
<status status="PASS" starttime="20221003 21:49:40.468" endtime="20221003 21:49:40.509"/>
</kw>
<status status="PASS" starttime="20221003 21:49:40.466" endtime="20221003 21:49:40.509"/>
</kw>
<status status="PASS" starttime="20221003 21:49:37.790" endtime="20221003 21:49:40.509"/>
</kw>
<kw name="Search User" library="dashboard">
<arg>legend</arg>
<kw name="Fill Text" library="Browser">
<arg>input[placeholder^=Busque]</arg>
<arg>${target}</arg>
<tag>PageContent</tag>
<tag>Setter</tag>
<doc>Clears and fills the given ``txt`` into the text field found by ``selector``.</doc>
<msg timestamp="20221003 21:49:40.511" level="INFO">Fills the text 'legend' in the given field.</msg>
<status status="PASS" starttime="20221003 21:49:40.510" endtime="20221003 21:49:40.537"/>
</kw>
<kw name="Click" library="Browser">
<arg>css=button &gt;&gt; text=Buscar</arg>
<tag>PageContent</tag>
<tag>Setter</tag>
<doc>Simulates mouse click on the element found by ``selector``.</doc>
<status status="PASS" starttime="20221003 21:49:40.537" endtime="20221003 21:49:40.582"/>
</kw>
<status status="PASS" starttime="20221003 21:49:40.510" endtime="20221003 21:49:40.583"/>
</kw>
<kw name="Select Sticker" library="dashboard">
<arg>Neymar Jr</arg>
<kw name="Click" library="Browser">
<arg>xpath=//img[@alt="${name}"]/..</arg>
<tag>PageContent</tag>
<tag>Setter</tag>
<doc>Simulates mouse click on the element found by ``selector``.</doc>
<status status="PASS" starttime="20221003 21:49:40.584" endtime="20221003 21:49:41.621"/>
</kw>
<status status="PASS" starttime="20221003 21:49:40.583" endtime="20221003 21:49:41.621"/>
</kw>
<kw name="Get in Touch" library="dashboard">
<kw name="Click" library="Browser">
<arg>css=button &gt;&gt; text=Entrar em contato</arg>
<tag>PageContent</tag>
<tag>Setter</tag>
<doc>Simulates mouse click on the element found by ``selector``.</doc>
<status status="PASS" starttime="20221003 21:49:41.623" endtime="20221003 21:49:41.774"/>
</kw>
<status status="PASS" starttime="20221003 21:49:41.622" endtime="20221003 21:49:41.775"/>
</kw>
<kw name="Whatsapp Sticker Message" library="dashboard">
<arg>Neymar Jr</arg>
<kw name="Set Variable" library="BuiltIn">
<var>${expected_message}</var>
<arg>Oi, achei o seu contato no Trade Sticker. Estou interessado(a) na figurinha do ${sticker_name}, bora negociar?</arg>
<doc>Returns the given values which can then be assigned to a variables.</doc>
<msg timestamp="20221003 21:49:41.817" level="INFO">${expected_message} = Oi, achei o seu contato no Trade Sticker. Estou interessado(a) na figurinha do Neymar Jr, bora negociar?</msg>
<status status="PASS" starttime="20221003 21:49:41.817" endtime="20221003 21:49:41.818"/>
</kw>
<kw name="Switch Page" library="Browser">
<arg>NEW</arg>
<tag>BrowserControl</tag>
<tag>Setter</tag>
<doc>Switches the active browser page to another open page by ``id`` or ``NEW``.</doc>
<msg timestamp="20221003 21:49:41.819" level="INFO">Switching to page NEW,context CURRENT, browser CURRENT</msg>
<msg timestamp="20221003 21:49:42.901" level="INFO">Activated new page page=b8a39f3d-4268-478e-be6b-2e6c8cd1ab55</msg>
<status status="PASS" starttime="20221003 21:49:41.818" endtime="20221003 21:49:42.902"/>
</kw>
<kw name="Wait For Elements State" library="Browser">
<arg>css=p &gt;&gt; text=${expected_message}</arg>
<arg>visible</arg>
<arg>5000</arg>
<tag>PageContent</tag>
<tag>Wait</tag>
<doc>Waits for the element found by ``selector`` to satisfy state option.</doc>
<msg timestamp="20221003 21:49:43.307" level="INFO">Waited for Element with selector css=p &gt;&gt; text=Oi, achei o seu contato no Trade Sticker. Estou interessado(a) na figurinha do Neymar Jr, bora negociar? at state visible</msg>
<status status="PASS" starttime="20221003 21:49:42.902" endtime="20221003 21:49:43.307"/>
</kw>
<status status="PASS" starttime="20221003 21:49:41.816" endtime="20221003 21:49:43.308"/>
</kw>
<kw name="Take Screenshot" library="Browser">
<tag>PageContent</tag>
<doc>Takes a screenshot of the current window or element and saves it to disk.</doc>
<msg timestamp="20221003 21:49:43.564" level="INFO" html="true">&lt;/td&gt;&lt;/tr&gt;&lt;tr&gt;&lt;td colspan="3"&gt;&lt;a href="browser/screenshot/robotframework-browser-screenshot-1.png"&gt;&lt;img src="browser/screenshot/robotframework-browser-screenshot-1.png" width="800px"&gt;&lt;/a&gt;</msg>
<status status="PASS" starttime="20221003 21:49:43.310" endtime="20221003 21:49:43.564"/>
</kw>
<kw name="Finish Test" library="main" type="TEARDOWN">
<kw name="Sleep" library="BuiltIn">
<arg>1</arg>
<doc>Pauses the test executed for the given time.</doc>
<msg timestamp="20221003 21:49:44.611" level="INFO">Slept 1 second</msg>
<status status="PASS" starttime="20221003 21:49:43.602" endtime="20221003 21:49:44.612"/>
</kw>
<kw name="Take Screenshot" library="Browser">
<tag>PageContent</tag>
<doc>Takes a screenshot of the current window or element and saves it to disk.</doc>
<msg timestamp="20221003 21:49:44.767" level="INFO" html="true">&lt;/td&gt;&lt;/tr&gt;&lt;tr&gt;&lt;td colspan="3"&gt;&lt;a href="browser/screenshot/robotframework-browser-screenshot-2.png"&gt;&lt;img src="browser/screenshot/robotframework-browser-screenshot-2.png" width="800px"&gt;&lt;/a&gt;</msg>
<status status="PASS" starttime="20221003 21:49:44.612" endtime="20221003 21:49:44.768"/>
</kw>
<status status="PASS" starttime="20221003 21:49:43.601" endtime="20221003 21:49:44.768"/>
</kw>
<status status="PASS" starttime="20221003 21:49:36.980" endtime="20221003 21:49:44.768"/>
</test>
<doc>Teste de negociação de figurinhas da copa</doc>
<status status="PASS" starttime="20221003 21:49:35.589" endtime="20221003 21:49:44.879"/>
</suite>
<statistics>
<total>
<stat pass="1" fail="0" skip="0">All Tests</stat>
</total>
<tag>
</tag>
<suite>
<stat pass="1" fail="0" skip="0" id="s1" name="Trade">Trade</stat>
</suite>
</statistics>
<errors>
</errors>
</robot>
